[debug] [2024-08-25T07:30:39.571Z] ----------------------------------------------------------------------
[debug] [2024-08-25T07:30:39.574Z] Command:       C:\Program Files\nodejs\node.exe C:\Users\chara\AppData\Roaming\npm\node_modules\firebase-tools\lib\bin\firebase.js init
[debug] [2024-08-25T07:30:39.575Z] CLI Version:   13.15.4
[debug] [2024-08-25T07:30:39.575Z] Platform:      win32
[debug] [2024-08-25T07:30:39.575Z] Node Version:  v20.15.1
[debug] [2024-08-25T07:30:39.575Z] Time:          Sun Aug 25 2024 13:00:39 GMT+0530 (India Standard Time)
[debug] [2024-08-25T07:30:39.576Z] ----------------------------------------------------------------------
[debug] 
[debug] [2024-08-25T07:30:39.583Z] > command requires scopes: ["email","openid","https://www.googleapis.com/auth/cloudplatformprojects.readonly","https://www.googleapis.com/auth/firebase","https://www.googleapis.com/auth/cloud-platform"]
[debug] [2024-08-25T07:30:39.584Z] > authorizing via signed-in user (charantejr4@gmail.com)
[info] 
     ######## #### ########  ######## ########     ###     ######  ########
     ##        ##  ##     ## ##       ##     ##  ##   ##  ##       ##
     ######    ##  ########  ######   ########  #########  ######  ######
     ##        ##  ##    ##  ##       ##     ## ##     ##       ## ##
     ##       #### ##     ## ######## ########  ##     ##  ######  ########

You're about to initialize a Firebase project in this directory:

  C:\Users\chara\OneDrive\Desktop\test

[info] 
=== Project Setup
[info] 
[info] First, let's associate this project directory with a Firebase project.
[info] You can create multiple project aliases by running firebase use --add, 
[info] but for now we'll just set up a default project.
[info] 
[info] i  If you want to create a project in a Google Cloud organization or folder, please use "firebase projects:create" instead, and return to this command when you've created the project. 
[debug] [2024-08-25T07:31:27.597Z] >>> [apiv2][query] POST https://cloudresourcemanager.googleapis.com/v1/projects [none]
[debug] [2024-08-25T07:31:27.598Z] >>> [apiv2][body] POST https://cloudresourcemanager.googleapis.com/v1/projects {"projectId":"charantej-test-project","name":"pros"}
[debug] [2024-08-25T07:31:29.572Z] <<< [apiv2][status] POST https://cloudresourcemanager.googleapis.com/v1/projects 200
[debug] [2024-08-25T07:31:29.572Z] <<< [apiv2][body] POST https://cloudresourcemanager.googleapis.com/v1/projects {"name":"operations/cp.5457846890246308610"}
[debug] [2024-08-25T07:31:29.573Z] >>> [apiv2][query] GET https://cloudresourcemanager.googleapis.com/v1/operations/cp.5457846890246308610 [none]
[debug] [2024-08-25T07:31:31.304Z] <<< [apiv2][status] GET https://cloudresourcemanager.googleapis.com/v1/operations/cp.5457846890246308610 200
[debug] [2024-08-25T07:31:31.304Z] <<< [apiv2][body] GET https://cloudresourcemanager.googleapis.com/v1/operations/cp.5457846890246308610 {"name":"operations/cp.5457846890246308610","metadata":{"@type":"type.googleapis.com/google.cloudresourcemanager.v1.ProjectCreationStatus","ready":true},"done":true,"error":{"code":9,"message":"Callers must accept Terms of Service","details":[{"@type":"type.googleapis.com/google.rpc.PreconditionFailure","violations":[{"type":"TOS","subject":"cloud","description":"Callers must accept Terms of Service"}]}]}}
[debug] [2024-08-25T07:31:31.589Z] FirebaseError: Callers must accept Terms of Service
    at OperationPoller.poll (C:\Users\chara\AppData\Roaming\npm\node_modules\firebase-tools\lib\operation-poller.js:24:19)
    at process.processTicksAndRejections (node:internal/process/task_queues:95:5)
    at async createCloudProject (C:\Users\chara\AppData\Roaming\npm\node_modules\firebase-tools\lib\management\projects.js:186:29)
    at async createFirebaseProjectAndLog (C:\Users\chara\AppData\Roaming\npm\node_modules\firebase-tools\lib\management\projects.js:45:9)
    at async promptAndCreateNewProject (C:\Users\chara\AppData\Roaming\npm\node_modules\firebase-tools\lib\init\features\project.js:32:12)
    at async doSetup (C:\Users\chara\AppData\Roaming\npm\node_modules\firebase-tools\lib\init\features\project.js:88:27)
    at async init (C:\Users\chara\AppData\Roaming\npm\node_modules\firebase-tools\lib\init\index.js:40:9)
[error] 
[error] Error: Failed to create project. See firebase-debug.log for more info.
